[2m2024-08-04T15:06:12.743168Z[0m [32m INFO[0m [1mApplication::new[0m: [2meditor::application::app[0m[2m:[0m Initiating application
[2m2024-08-04T15:06:12.743234Z[0m [32m INFO[0m [1mApplication::init[0m: [2meditor::application::app[0m[2m:[0m Opening path: "." [2m[3margs[0m[2m=[0mArgv { commands: ["."], flags: {}, after_double_dash: "" }[0m
[2m2024-08-04T15:06:12.743360Z[0m [35mTRACE[0m [2mmio::poll[0m[2m:[0m registering event source with poller: token=Token(0), interests=READABLE    
[2m2024-08-04T15:06:12.743425Z[0m [35mTRACE[0m [2mmio::poll[0m[2m:[0m registering event source with poller: token=Token(1), interests=READABLE    
[2m2024-08-04T15:06:12.744137Z[0m [35mTRACE[0m [2meditor::application::app[0m[2m:[0m action Action::OpenBuffer
[2m2024-08-04T15:06:12.744219Z[0m [35mTRACE[0m [1mApplication::render[0m: [2meditor::application::app[0m[2m:[0m Rendering
[2m2024-08-04T15:06:12.744248Z[0m [35mTRACE[0m [1mApplication::render[0m: [2meditor::application::app[0m[2m:[0m drawing
[2m2024-08-04T15:06:13.779669Z[0m [32m INFO[0m [2meditor::application::app[0m[2m:[0m received_event: Crossterm(Key(KeyEvent { code: Down, modifiers: KeyModifiers(0x0), kind: Press, state: KeyEventState(0x0) }))
[2m2024-08-04T15:06:13.779903Z[0m [35mTRACE[0m [1mApplication::render[0m: [2meditor::application::app[0m[2m:[0m Rendering
[2m2024-08-04T15:06:13.779975Z[0m [35mTRACE[0m [1mApplication::render[0m: [2meditor::application::app[0m[2m:[0m drawing
[2m2024-08-04T15:06:13.898212Z[0m [32m INFO[0m [2meditor::application::app[0m[2m:[0m received_event: Crossterm(Key(KeyEvent { code: Down, modifiers: KeyModifiers(0x0), kind: Press, state: KeyEventState(0x0) }))
[2m2024-08-04T15:06:13.898292Z[0m [35mTRACE[0m [1mApplication::render[0m: [2meditor::application::app[0m[2m:[0m Rendering
[2m2024-08-04T15:06:13.898335Z[0m [35mTRACE[0m [1mApplication::render[0m: [2meditor::application::app[0m[2m:[0m drawing
[2m2024-08-04T15:06:14.410168Z[0m [32m INFO[0m [2meditor::application::app[0m[2m:[0m received_event: Crossterm(Key(KeyEvent { code: Down, modifiers: KeyModifiers(0x0), kind: Press, state: KeyEventState(0x0) }))
[2m2024-08-04T15:06:14.410306Z[0m [35mTRACE[0m [1mApplication::render[0m: [2meditor::application::app[0m[2m:[0m Rendering
[2m2024-08-04T15:06:14.410354Z[0m [35mTRACE[0m [1mApplication::render[0m: [2meditor::application::app[0m[2m:[0m drawing
[2m2024-08-04T15:06:14.569337Z[0m [32m INFO[0m [2meditor::application::app[0m[2m:[0m received_event: Crossterm(Key(KeyEvent { code: Down, modifiers: KeyModifiers(0x0), kind: Press, state: KeyEventState(0x0) }))
[2m2024-08-04T15:06:14.569527Z[0m [35mTRACE[0m [1mApplication::render[0m: [2meditor::application::app[0m[2m:[0m Rendering
[2m2024-08-04T15:06:14.569609Z[0m [35mTRACE[0m [1mApplication::render[0m: [2meditor::application::app[0m[2m:[0m drawing
[2m2024-08-04T15:06:14.729927Z[0m [32m INFO[0m [2meditor::application::app[0m[2m:[0m received_event: Crossterm(Key(KeyEvent { code: Down, modifiers: KeyModifiers(0x0), kind: Press, state: KeyEventState(0x0) }))
[2m2024-08-04T15:06:14.730078Z[0m [35mTRACE[0m [1mApplication::render[0m: [2meditor::application::app[0m[2m:[0m Rendering
[2m2024-08-04T15:06:14.730141Z[0m [35mTRACE[0m [1mApplication::render[0m: [2meditor::application::app[0m[2m:[0m drawing
[2m2024-08-04T15:06:14.888648Z[0m [32m INFO[0m [2meditor::application::app[0m[2m:[0m received_event: Crossterm(Key(KeyEvent { code: Down, modifiers: KeyModifiers(0x0), kind: Press, state: KeyEventState(0x0) }))
[2m2024-08-04T15:06:14.888834Z[0m [35mTRACE[0m [1mApplication::render[0m: [2meditor::application::app[0m[2m:[0m Rendering
[2m2024-08-04T15:06:14.888938Z[0m [35mTRACE[0m [1mApplication::render[0m: [2meditor::application::app[0m[2m:[0m drawing
[2m2024-08-04T15:06:15.049136Z[0m [32m INFO[0m [2meditor::application::app[0m[2m:[0m received_event: Crossterm(Key(KeyEvent { code: Down, modifiers: KeyModifiers(0x0), kind: Press, state: KeyEventState(0x0) }))
[2m2024-08-04T15:06:15.049320Z[0m [35mTRACE[0m [1mApplication::render[0m: [2meditor::application::app[0m[2m:[0m Rendering
[2m2024-08-04T15:06:15.049394Z[0m [35mTRACE[0m [1mApplication::render[0m: [2meditor::application::app[0m[2m:[0m drawing
[2m2024-08-04T15:06:15.208485Z[0m [32m INFO[0m [2meditor::application::app[0m[2m:[0m received_event: Crossterm(Key(KeyEvent { code: Down, modifiers: KeyModifiers(0x0), kind: Press, state: KeyEventState(0x0) }))
[2m2024-08-04T15:06:15.208598Z[0m [35mTRACE[0m [1mApplication::render[0m: [2meditor::application::app[0m[2m:[0m Rendering
[2m2024-08-04T15:06:15.208656Z[0m [35mTRACE[0m [1mApplication::render[0m: [2meditor::application::app[0m[2m:[0m drawing
[2m2024-08-04T15:06:15.399155Z[0m [32m INFO[0m [2meditor::application::app[0m[2m:[0m received_event: Crossterm(Key(KeyEvent { code: Down, modifiers: KeyModifiers(0x0), kind: Press, state: KeyEventState(0x0) }))
[2m2024-08-04T15:06:15.399340Z[0m [35mTRACE[0m [1mApplication::render[0m: [2meditor::application::app[0m[2m:[0m Rendering
[2m2024-08-04T15:06:15.399416Z[0m [35mTRACE[0m [1mApplication::render[0m: [2meditor::application::app[0m[2m:[0m drawing
[2m2024-08-04T15:06:15.558435Z[0m [32m INFO[0m [2meditor::application::app[0m[2m:[0m received_event: Crossterm(Key(KeyEvent { code: Down, modifiers: KeyModifiers(0x0), kind: Press, state: KeyEventState(0x0) }))
[2m2024-08-04T15:06:15.558527Z[0m [35mTRACE[0m [1mApplication::render[0m: [2meditor::application::app[0m[2m:[0m Rendering
[2m2024-08-04T15:06:15.558575Z[0m [35mTRACE[0m [1mApplication::render[0m: [2meditor::application::app[0m[2m:[0m drawing
[2m2024-08-04T15:06:15.698531Z[0m [32m INFO[0m [2meditor::application::app[0m[2m:[0m received_event: Crossterm(Key(KeyEvent { code: Down, modifiers: KeyModifiers(0x0), kind: Press, state: KeyEventState(0x0) }))
[2m2024-08-04T15:06:15.698625Z[0m [35mTRACE[0m [1mApplication::render[0m: [2meditor::application::app[0m[2m:[0m Rendering
[2m2024-08-04T15:06:15.698673Z[0m [35mTRACE[0m [1mApplication::render[0m: [2meditor::application::app[0m[2m:[0m drawing
[2m2024-08-04T15:06:15.888670Z[0m [32m INFO[0m [2meditor::application::app[0m[2m:[0m received_event: Crossterm(Key(KeyEvent { code: Down, modifiers: KeyModifiers(0x0), kind: Press, state: KeyEventState(0x0) }))
[2m2024-08-04T15:06:15.888821Z[0m [35mTRACE[0m [1mApplication::render[0m: [2meditor::application::app[0m[2m:[0m Rendering
[2m2024-08-04T15:06:15.888874Z[0m [35mTRACE[0m [1mApplication::render[0m: [2meditor::application::app[0m[2m:[0m drawing
[2m2024-08-04T15:06:16.317152Z[0m [32m INFO[0m [2meditor::application::app[0m[2m:[0m received_event: Crossterm(Key(KeyEvent { code: Enter, modifiers: KeyModifiers(0x0), kind: Press, state: KeyEventState(0x0) }))
[2m2024-08-04T15:06:16.317351Z[0m [35mTRACE[0m [1mApplication::render[0m: [2meditor::application::app[0m[2m:[0m Rendering
[2m2024-08-04T15:06:16.317404Z[0m [35mTRACE[0m [1mApplication::render[0m: [2meditor::application::app[0m[2m:[0m drawing
[2m2024-08-04T15:06:16.777731Z[0m [32m INFO[0m [2meditor::application::app[0m[2m:[0m received_event: Crossterm(Key(KeyEvent { code: Down, modifiers: KeyModifiers(0x0), kind: Press, state: KeyEventState(0x0) }))
[2m2024-08-04T15:06:16.777873Z[0m [35mTRACE[0m [1mApplication::render[0m: [2meditor::application::app[0m[2m:[0m Rendering
[2m2024-08-04T15:06:16.777959Z[0m [35mTRACE[0m [1mApplication::render[0m: [2meditor::application::app[0m[2m:[0m drawing
[2m2024-08-04T15:06:16.898622Z[0m [32m INFO[0m [2meditor::application::app[0m[2m:[0m received_event: Crossterm(Key(KeyEvent { code: Down, modifiers: KeyModifiers(0x0), kind: Press, state: KeyEventState(0x0) }))
[2m2024-08-04T15:06:16.898722Z[0m [35mTRACE[0m [1mApplication::render[0m: [2meditor::application::app[0m[2m:[0m Rendering
[2m2024-08-04T15:06:16.898772Z[0m [35mTRACE[0m [1mApplication::render[0m: [2meditor::application::app[0m[2m:[0m drawing
[2m2024-08-04T15:06:17.058369Z[0m [32m INFO[0m [2meditor::application::app[0m[2m:[0m received_event: Crossterm(Key(KeyEvent { code: Down, modifiers: KeyModifiers(0x0), kind: Press, state: KeyEventState(0x0) }))
[2m2024-08-04T15:06:17.058451Z[0m [35mTRACE[0m [1mApplication::render[0m: [2meditor::application::app[0m[2m:[0m Rendering
[2m2024-08-04T15:06:17.058491Z[0m [35mTRACE[0m [1mApplication::render[0m: [2meditor::application::app[0m[2m:[0m drawing
[2m2024-08-04T15:06:17.588052Z[0m [32m INFO[0m [2meditor::application::app[0m[2m:[0m received_event: Crossterm(Key(KeyEvent { code: Enter, modifiers: KeyModifiers(0x0), kind: Press, state: KeyEventState(0x0) }))
[2m2024-08-04T15:06:17.588381Z[0m [35mTRACE[0m [2meditor::application::app[0m[2m:[0m action Action::ReplaceActiveBuffer
[2m2024-08-04T15:06:17.588441Z[0m [35mTRACE[0m [1mApplication::render[0m: [2meditor::application::app[0m[2m:[0m Rendering
[2m2024-08-04T15:06:17.588511Z[0m [35mTRACE[0m [1mApplication::render[0m: [2meditor::application::app[0m[2m:[0m drawing
[2m2024-08-04T15:06:23.665921Z[0m [32m INFO[0m [2meditor::application::app[0m[2m:[0m received_event: Crossterm(Key(KeyEvent { code: Char('q'), modifiers: KeyModifiers(0x0), kind: Press, state: KeyEventState(0x0) }))
